<?xml version="1.0" encoding="UTF-8"?>
<coverage generated="1681236640018" clover="3.2.0">
  <project timestamp="1681236640018" name="All files">
    <metrics statements="31" coveredstatements="31" conditionals="11" coveredconditionals="11" methods="11" coveredmethods="11" elements="53" coveredelements="53" complexity="0" loc="31" ncloc="31" packages="1" files="3" classes="3"/>
    <file name="color.ts" path="C:\Users\Eduardo SEDUC\Documents\proyectos\quiz-app\src\assets\color.ts">
      <metrics statements="5" coveredstatements="5" conditionals="4" coveredconditionals="4" methods="1" coveredmethods="1"/>
      <line num="3" count="2" type="stmt"/>
      <line num="5" count="5" type="cond" truecount="1" falsecount="0"/>
      <line num="7" count="4" type="cond" truecount="1" falsecount="0"/>
      <line num="9" count="2" type="cond" truecount="2" falsecount="0"/>
      <line num="13" count="2" type="stmt"/>
    </file>
    <file name="glossary.ts" path="C:\Users\Eduardo SEDUC\Documents\proyectos\quiz-app\src\assets\glossary.ts">
      <metrics statements="24" coveredstatements="24" conditionals="7" coveredconditionals="7" methods="5" coveredmethods="5"/>
      <line num="19" count="2" type="stmt"/>
      <line num="21" count="169" type="cond" truecount="1" falsecount="0"/>
      <line num="23" count="128" type="stmt"/>
      <line num="25" count="128" type="cond" truecount="1" falsecount="0"/>
      <line num="27" count="7" type="stmt"/>
      <line num="30" count="2" type="stmt"/>
      <line num="32" count="40" type="stmt"/>
      <line num="33" count="40" type="cond" truecount="2" falsecount="0"/>
      <line num="35" count="40" type="stmt"/>
      <line num="37" count="40" type="stmt"/>
      <line num="39" count="40" type="stmt"/>
      <line num="44" count="40" type="stmt"/>
      <line num="46" count="40" type="stmt"/>
      <line num="47" count="120" type="stmt"/>
      <line num="48" count="120" type="stmt"/>
      <line num="49" count="120" type="stmt"/>
      <line num="50" count="120" type="stmt"/>
      <line num="56" count="40" type="stmt"/>
      <line num="61" count="189" type="stmt"/>
      <line num="63" count="40" type="stmt"/>
      <line num="65" count="40" type="cond" truecount="1" falsecount="0"/>
      <line num="67" count="38" type="stmt"/>
      <line num="71" count="5" type="cond" truecount="2" falsecount="0"/>
      <line num="73" count="2" type="stmt"/>
    </file>
    <file name="index.ts" path="C:\Users\Eduardo SEDUC\Documents\proyectos\quiz-app\src\assets\index.ts">
      <metrics statements="2" coveredstatements="2" conditionals="0" coveredconditionals="0" methods="5" coveredmethods="5"/>
      <line num="1" count="7" type="stmt"/>
      <line num="2" count="4" type="stmt"/>
    </file>
  </project>
</coverage>
