<?xml version="1.0" encoding="UTF-8"?>
<coverage generated="1681928022105" clover="3.2.0">
  <project timestamp="1681928022105" name="All files">
    <metrics statements="98" coveredstatements="98" conditionals="25" coveredconditionals="25" methods="27" coveredmethods="27" elements="150" coveredelements="150" complexity="0" loc="98" ncloc="98" packages="2" files="7" classes="7"/>
    <package name="assets">
      <metrics statements="31" coveredstatements="31" conditionals="11" coveredconditionals="11" methods="11" coveredmethods="11"/>
      <file name="color.ts" path="C:\Users\Eduardo SEDUC\Documents\proyectos\quiz-app\src\assets\color.ts">
        <metrics statements="5" coveredstatements="5" conditionals="4" coveredconditionals="4" methods="1" coveredmethods="1"/>
        <line num="3" count="3" type="stmt"/>
        <line num="5" count="169" type="cond" truecount="1" falsecount="0"/>
        <line num="7" count="84" type="cond" truecount="1" falsecount="0"/>
        <line num="9" count="62" type="cond" truecount="2" falsecount="0"/>
        <line num="13" count="3" type="stmt"/>
      </file>
      <file name="glossary.ts" path="C:\Users\Eduardo SEDUC\Documents\proyectos\quiz-app\src\assets\glossary.ts">
        <metrics statements="24" coveredstatements="24" conditionals="7" coveredconditionals="7" methods="5" coveredmethods="5"/>
        <line num="19" count="3" type="stmt"/>
        <line num="21" count="325" type="cond" truecount="1" falsecount="0"/>
        <line num="23" count="244" type="stmt"/>
        <line num="25" count="244" type="cond" truecount="1" falsecount="0"/>
        <line num="27" count="3" type="stmt"/>
        <line num="30" count="3" type="stmt"/>
        <line num="32" count="80" type="stmt"/>
        <line num="33" count="80" type="cond" truecount="2" falsecount="0"/>
        <line num="35" count="80" type="stmt"/>
        <line num="37" count="80" type="stmt"/>
        <line num="39" count="80" type="stmt"/>
        <line num="44" count="80" type="stmt"/>
        <line num="46" count="80" type="stmt"/>
        <line num="47" count="240" type="stmt"/>
        <line num="48" count="240" type="stmt"/>
        <line num="49" count="240" type="stmt"/>
        <line num="50" count="240" type="stmt"/>
        <line num="56" count="80" type="stmt"/>
        <line num="61" count="378" type="stmt"/>
        <line num="63" count="80" type="stmt"/>
        <line num="65" count="80" type="cond" truecount="1" falsecount="0"/>
        <line num="67" count="76" type="stmt"/>
        <line num="71" count="52" type="cond" truecount="2" falsecount="0"/>
        <line num="73" count="3" type="stmt"/>
      </file>
      <file name="index.ts" path="C:\Users\Eduardo SEDUC\Documents\proyectos\quiz-app\src\assets\index.ts">
        <metrics statements="2" coveredstatements="2" conditionals="0" coveredconditionals="0" methods="5" coveredmethods="5"/>
        <line num="1" count="9" type="stmt"/>
        <line num="2" count="25" type="stmt"/>
      </file>
    </package>
    <package name="components">
      <metrics statements="67" coveredstatements="67" conditionals="14" coveredconditionals="14" methods="16" coveredmethods="16"/>
      <file name="Answers.tsx" path="C:\Users\Eduardo SEDUC\Documents\proyectos\quiz-app\src\components\Answers.tsx">
        <metrics statements="12" coveredstatements="12" conditionals="3" coveredconditionals="3" methods="4" coveredmethods="4"/>
        <line num="1" count="1" type="stmt"/>
        <line num="3" count="1" type="stmt"/>
        <line num="5" count="1" type="stmt"/>
        <line num="12" count="1" type="stmt"/>
        <line num="14" count="20" type="stmt"/>
        <line num="16" count="20" type="stmt"/>
        <line num="17" count="20" type="stmt"/>
        <line num="21" count="20" type="stmt"/>
        <line num="22" count="20" type="cond" truecount="1" falsecount="0"/>
        <line num="23" count="19" type="stmt"/>
        <line num="26" count="20" type="stmt"/>
        <line num="45" count="1" type="stmt"/>
      </file>
      <file name="GameOverButtons.tsx" path="C:\Users\Eduardo SEDUC\Documents\proyectos\quiz-app\src\components\GameOverButtons.tsx">
        <metrics statements="11" coveredstatements="11" conditionals="0" coveredconditionals="0" methods="3" coveredmethods="3"/>
        <line num="3" count="1" type="stmt"/>
        <line num="4" count="1" type="stmt"/>
        <line num="5" count="1" type="stmt"/>
        <line num="14" count="1" type="stmt"/>
        <line num="16" count="2" type="stmt"/>
        <line num="17" count="1" type="stmt"/>
        <line num="18" count="1" type="stmt"/>
        <line num="21" count="2" type="stmt"/>
        <line num="22" count="1" type="stmt"/>
        <line num="25" count="2" type="stmt"/>
        <line num="50" count="1" type="stmt"/>
      </file>
      <file name="MainCard.tsx" path="C:\Users\Eduardo SEDUC\Documents\proyectos\quiz-app\src\components\MainCard.tsx">
        <metrics statements="14" coveredstatements="14" conditionals="4" coveredconditionals="4" methods="1" coveredmethods="1"/>
        <line num="1" count="1" type="stmt"/>
        <line num="3" count="1" type="stmt"/>
        <line num="4" count="1" type="stmt"/>
        <line num="6" count="1" type="stmt"/>
        <line num="7" count="1" type="stmt"/>
        <line num="8" count="1" type="stmt"/>
        <line num="9" count="1" type="stmt"/>
        <line num="11" count="1" type="stmt"/>
        <line num="13" count="12" type="stmt"/>
        <line num="14" count="12" type="stmt"/>
        <line num="15" count="12" type="stmt"/>
        <line num="16" count="12" type="stmt"/>
        <line num="18" count="12" type="stmt"/>
        <line num="58" count="1" type="stmt"/>
      </file>
      <file name="Question.tsx" path="C:\Users\Eduardo SEDUC\Documents\proyectos\quiz-app\src\components\Question.tsx">
        <metrics statements="30" coveredstatements="30" conditionals="7" coveredconditionals="7" methods="8" coveredmethods="8"/>
        <line num="1" count="1" type="stmt"/>
        <line num="9" count="1" type="stmt"/>
        <line num="11" count="1" type="stmt"/>
        <line num="25" count="1" type="stmt"/>
        <line num="27" count="43" type="stmt"/>
        <line num="28" count="43" type="stmt"/>
        <line num="29" count="43" type="stmt"/>
        <line num="30" count="43" type="stmt"/>
        <line num="31" count="43" type="stmt"/>
        <line num="33" count="43" type="stmt"/>
        <line num="34" count="2" type="stmt"/>
        <line num="37" count="43" type="stmt"/>
        <line num="39" count="21" type="cond" truecount="1" falsecount="0"/>
        <line num="41" count="20" type="stmt"/>
        <line num="42" count="20" type="stmt"/>
        <line num="44" count="20" type="cond" truecount="1" falsecount="0"/>
        <line num="47" count="43" type="stmt"/>
        <line num="49" count="20" type="stmt"/>
        <line num="50" count="20" type="stmt"/>
        <line num="52" count="20" type="cond" truecount="1" falsecount="0"/>
        <line num="54" count="20" type="cond" truecount="1" falsecount="0"/>
        <line num="55" count="1" type="stmt"/>
        <line num="56" count="1" type="stmt"/>
        <line num="57" count="1" type="stmt"/>
        <line num="60" count="20" type="stmt"/>
        <line num="63" count="43" type="cond" truecount="1" falsecount="0"/>
        <line num="65" count="41" type="stmt"/>
        <line num="72" count="164" type="stmt"/>
        <line num="77" count="21" type="stmt"/>
        <line num="107" count="1" type="stmt"/>
      </file>
    </package>
  </project>
</coverage>
