{"C:\\Users\\Eduardo SEDUC\\Documents\\proyectos\\quiz-app\\src\\assets\\color.ts": {"path":"C:\\Users\\Eduardo SEDUC\\Documents\\proyectos\\quiz-app\\src\\assets\\color.ts","statementMap":{"0":{"start":{"line":3,"column":24},"end":{"line":11,"column":3}},"1":{"start":{"line":5,"column":4},"end":{"line":5,"column":34}},"2":{"start":{"line":5,"column":20},"end":{"line":5,"column":34}},"3":{"start":{"line":7,"column":4},"end":{"line":7,"column":35}},"4":{"start":{"line":7,"column":18},"end":{"line":7,"column":35}},"5":{"start":{"line":9,"column":4},"end":{"line":9,"column":52}},"6":{"start":{"line":3,"column":13},"end":{"line":3,"column":24}},"7":{"start":{"line":13,"column":0},"end":{"line":15,"column":null}}},"fnMap":{"0":{"name":"(anonymous_0)","decl":{"start":{"line":3,"column":24},"end":{"line":3,"column":26}},"loc":{"start":{"line":3,"column":97},"end":{"line":11,"column":3}}}},"branchMap":{"0":{"loc":{"start":{"line":5,"column":4},"end":{"line":5,"column":34}},"type":"if","locations":[{"start":{"line":5,"column":4},"end":{"line":5,"column":34}}]},"1":{"loc":{"start":{"line":7,"column":4},"end":{"line":7,"column":35}},"type":"if","locations":[{"start":{"line":7,"column":4},"end":{"line":7,"column":35}}]},"2":{"loc":{"start":{"line":9,"column":11},"end":{"line":9,"column":51}},"type":"cond-expr","locations":[{"start":{"line":9,"column":35},"end":{"line":9,"column":42}},{"start":{"line":9,"column":45},"end":{"line":9,"column":51}}]}},"s":{"0":2,"1":5,"2":1,"3":4,"4":2,"5":2,"6":2,"7":2},"f":{"0":5},"b":{"0":[1],"1":[2],"2":[1,1]}}
,"C:\\Users\\Eduardo SEDUC\\Documents\\proyectos\\quiz-app\\src\\assets\\glossary.ts": {"path":"C:\\Users\\Eduardo SEDUC\\Documents\\proyectos\\quiz-app\\src\\assets\\glossary.ts","statementMap":{"0":{"start":{"line":19,"column":28},"end":{"line":28,"column":1}},"1":{"start":{"line":21,"column":4},"end":{"line":21,"column":57}},"2":{"start":{"line":21,"column":18},"end":{"line":21,"column":57}},"3":{"start":{"line":23,"column":27},"end":{"line":23,"column":58}},"4":{"start":{"line":25,"column":4},"end":{"line":25,"column":65}},"5":{"start":{"line":25,"column":43},"end":{"line":25,"column":65}},"6":{"start":{"line":27,"column":4},"end":{"line":27,"column":39}},"7":{"start":{"line":19,"column":13},"end":{"line":19,"column":28}},"8":{"start":{"line":30,"column":33},"end":{"line":69,"column":1}},"9":{"start":{"line":32,"column":30},"end":{"line":32,"column":47}},"10":{"start":{"line":33,"column":17},"end":{"line":33,"column":58}},"11":{"start":{"line":35,"column":26},"end":{"line":35,"column":41}},"12":{"start":{"line":37,"column":4},"end":{"line":37,"column":30}},"13":{"start":{"line":39,"column":30},"end":{"line":42,"column":6}},"14":{"start":{"line":44,"column":32},"end":{"line":44,"column":34}},"15":{"start":{"line":46,"column":4},"end":{"line":54,"column":null}},"16":{"start":{"line":46,"column":21},"end":{"line":46,"column":22}},"17":{"start":{"line":47,"column":29},"end":{"line":47,"column":71}},"18":{"start":{"line":48,"column":32},"end":{"line":48,"column":50}},"19":{"start":{"line":49,"column":8},"end":{"line":49,"column":37}},"20":{"start":{"line":50,"column":8},"end":{"line":53,"column":11}},"21":{"start":{"line":56,"column":31},"end":{"line":59,"column":null}},"22":{"start":{"line":61,"column":4},"end":{"line":61,"column":72}},"23":{"start":{"line":61,"column":51},"end":{"line":61,"column":70}},"24":{"start":{"line":63,"column":4},"end":{"line":63,"column":29}},"25":{"start":{"line":65,"column":4},"end":{"line":65,"column":61}},"26":{"start":{"line":65,"column":44},"end":{"line":65,"column":61}},"27":{"start":{"line":67,"column":4},"end":{"line":67,"column":71}},"28":{"start":{"line":30,"column":13},"end":{"line":30,"column":33}},"29":{"start":{"line":71,"column":32},"end":{"line":71,"column":118}},"30":{"start":{"line":71,"column":63},"end":{"line":71,"column":118}},"31":{"start":{"line":71,"column":95},"end":{"line":71,"column":104}},"32":{"start":{"line":71,"column":13},"end":{"line":71,"column":32}},"33":{"start":{"line":73,"column":14},"end":{"line":1294,"column":null}}},"fnMap":{"0":{"name":"(anonymous_0)","decl":{"start":{"line":19,"column":28},"end":{"line":19,"column":29}},"loc":{"start":{"line":19,"column":73},"end":{"line":28,"column":1}}},"1":{"name":"(anonymous_1)","decl":{"start":{"line":30,"column":33},"end":{"line":30,"column":34}},"loc":{"start":{"line":30,"column":126},"end":{"line":69,"column":1}}},"2":{"name":"(anonymous_2)","decl":{"start":{"line":61,"column":45},"end":{"line":61,"column":48}},"loc":{"start":{"line":61,"column":51},"end":{"line":61,"column":70}}},"3":{"name":"(anonymous_3)","decl":{"start":{"line":71,"column":32},"end":{"line":71,"column":33}},"loc":{"start":{"line":71,"column":63},"end":{"line":71,"column":118}}},"4":{"name":"(anonymous_4)","decl":{"start":{"line":71,"column":76},"end":{"line":71,"column":77}},"loc":{"start":{"line":71,"column":95},"end":{"line":71,"column":104}}}},"branchMap":{"0":{"loc":{"start":{"line":21,"column":4},"end":{"line":21,"column":57}},"type":"if","locations":[{"start":{"line":21,"column":4},"end":{"line":21,"column":57}}]},"1":{"loc":{"start":{"line":25,"column":4},"end":{"line":25,"column":65}},"type":"if","locations":[{"start":{"line":25,"column":4},"end":{"line":25,"column":65}}]},"2":{"loc":{"start":{"line":33,"column":17},"end":{"line":33,"column":58}},"type":"cond-expr","locations":[{"start":{"line":33,"column":42},"end":{"line":33,"column":51}},{"start":{"line":33,"column":54},"end":{"line":33,"column":58}}]},"3":{"loc":{"start":{"line":65,"column":4},"end":{"line":65,"column":61}},"type":"if","locations":[{"start":{"line":65,"column":4},"end":{"line":65,"column":61}}]},"4":{"loc":{"start":{"line":71,"column":63},"end":{"line":71,"column":118}},"type":"binary-expr","locations":[{"start":{"line":71,"column":63},"end":{"line":71,"column":112}},{"start":{"line":71,"column":116},"end":{"line":71,"column":118}}]}},"s":{"0":2,"1":169,"2":41,"3":128,"4":128,"5":121,"6":7,"7":2,"8":2,"9":40,"10":40,"11":40,"12":40,"13":40,"14":40,"15":40,"16":40,"17":120,"18":120,"19":120,"20":120,"21":40,"22":40,"23":189,"24":40,"25":40,"26":2,"27":38,"28":2,"29":2,"30":2,"31":5,"32":2,"33":2},"f":{"0":169,"1":40,"2":189,"3":2,"4":5},"b":{"0":[41],"1":[121],"2":[2,38],"3":[2],"4":[2,1]}}
,"C:\\Users\\Eduardo SEDUC\\Documents\\proyectos\\quiz-app\\src\\assets\\index.ts": {"path":"C:\\Users\\Eduardo SEDUC\\Documents\\proyectos\\quiz-app\\src\\assets\\index.ts","statementMap":{"0":{"start":{"line":1,"column":0},"end":{"line":1,"column":9}},"1":{"start":{"line":1,"column":9},"end":{"line":1,"column":35}},"2":{"start":{"line":2,"column":0},"end":{"line":2,"column":9}},"3":{"start":{"line":2,"column":9},"end":{"line":2,"column":19}},"4":{"start":{"line":2,"column":19},"end":{"line":2,"column":38}},"5":{"start":{"line":2,"column":38},"end":{"line":2,"column":56}},"6":{"start":{"line":2,"column":56},"end":{"line":2,"column":89}}},"fnMap":{"0":{"name":"(anonymous_0)","decl":{"start":{"line":1,"column":9},"end":{"line":1,"column":17}},"loc":{"start":{"line":1,"column":9},"end":{"line":1,"column":35}}},"1":{"name":"(anonymous_1)","decl":{"start":{"line":2,"column":9},"end":{"line":2,"column":17}},"loc":{"start":{"line":2,"column":9},"end":{"line":2,"column":19}}},"2":{"name":"(anonymous_2)","decl":{"start":{"line":2,"column":19},"end":{"line":2,"column":36}},"loc":{"start":{"line":2,"column":19},"end":{"line":2,"column":38}}},"3":{"name":"(anonymous_3)","decl":{"start":{"line":2,"column":38},"end":{"line":2,"column":54}},"loc":{"start":{"line":2,"column":38},"end":{"line":2,"column":56}}},"4":{"name":"(anonymous_4)","decl":{"start":{"line":2,"column":56},"end":{"line":2,"column":68}},"loc":{"start":{"line":2,"column":56},"end":{"line":2,"column":89}}}},"branchMap":{},"s":{"0":2,"1":7,"2":2,"3":4,"4":4,"5":4,"6":4},"f":{"0":5,"1":2,"2":2,"3":2,"4":2},"b":{}}
}
