{"C:\\Users\\Eduardo SEDUC\\Documents\\proyectos\\quiz-app\\src\\assets\\color.ts": {"path":"C:\\Users\\Eduardo SEDUC\\Documents\\proyectos\\quiz-app\\src\\assets\\color.ts","statementMap":{"0":{"start":{"line":3,"column":24},"end":{"line":11,"column":3}},"1":{"start":{"line":5,"column":4},"end":{"line":5,"column":34}},"2":{"start":{"line":5,"column":20},"end":{"line":5,"column":34}},"3":{"start":{"line":7,"column":4},"end":{"line":7,"column":35}},"4":{"start":{"line":7,"column":18},"end":{"line":7,"column":35}},"5":{"start":{"line":9,"column":4},"end":{"line":9,"column":52}},"6":{"start":{"line":3,"column":13},"end":{"line":3,"column":24}},"7":{"start":{"line":13,"column":0},"end":{"line":15,"column":null}}},"fnMap":{"0":{"name":"(anonymous_0)","decl":{"start":{"line":3,"column":24},"end":{"line":3,"column":26}},"loc":{"start":{"line":3,"column":97},"end":{"line":11,"column":3}}}},"branchMap":{"0":{"loc":{"start":{"line":5,"column":4},"end":{"line":5,"column":34}},"type":"if","locations":[{"start":{"line":5,"column":4},"end":{"line":5,"column":34}}]},"1":{"loc":{"start":{"line":7,"column":4},"end":{"line":7,"column":35}},"type":"if","locations":[{"start":{"line":7,"column":4},"end":{"line":7,"column":35}}]},"2":{"loc":{"start":{"line":9,"column":11},"end":{"line":9,"column":51}},"type":"cond-expr","locations":[{"start":{"line":9,"column":35},"end":{"line":9,"column":42}},{"start":{"line":9,"column":45},"end":{"line":9,"column":51}}]}},"s":{"0":1,"1":5,"2":1,"3":4,"4":2,"5":2,"6":1,"7":1},"f":{"0":5},"b":{"0":[1],"1":[2],"2":[1,1]}}
,"C:\\Users\\Eduardo SEDUC\\Documents\\proyectos\\quiz-app\\src\\assets\\glossary.ts": {"path":"C:\\Users\\Eduardo SEDUC\\Documents\\proyectos\\quiz-app\\src\\assets\\glossary.ts","statementMap":{"0":{"start":{"line":19,"column":21},"end":{"line":28,"column":1}},"1":{"start":{"line":21,"column":4},"end":{"line":21,"column":57}},"2":{"start":{"line":21,"column":18},"end":{"line":21,"column":57}},"3":{"start":{"line":23,"column":27},"end":{"line":23,"column":58}},"4":{"start":{"line":25,"column":4},"end":{"line":25,"column":65}},"5":{"start":{"line":25,"column":43},"end":{"line":25,"column":65}},"6":{"start":{"line":27,"column":4},"end":{"line":27,"column":39}},"7":{"start":{"line":30,"column":33},"end":{"line":69,"column":1}},"8":{"start":{"line":32,"column":30},"end":{"line":32,"column":47}},"9":{"start":{"line":33,"column":17},"end":{"line":33,"column":58}},"10":{"start":{"line":35,"column":26},"end":{"line":35,"column":41}},"11":{"start":{"line":37,"column":4},"end":{"line":37,"column":30}},"12":{"start":{"line":39,"column":30},"end":{"line":42,"column":6}},"13":{"start":{"line":44,"column":32},"end":{"line":44,"column":34}},"14":{"start":{"line":46,"column":4},"end":{"line":54,"column":null}},"15":{"start":{"line":46,"column":21},"end":{"line":46,"column":22}},"16":{"start":{"line":47,"column":29},"end":{"line":47,"column":71}},"17":{"start":{"line":48,"column":32},"end":{"line":48,"column":50}},"18":{"start":{"line":49,"column":8},"end":{"line":49,"column":37}},"19":{"start":{"line":50,"column":8},"end":{"line":53,"column":11}},"20":{"start":{"line":56,"column":31},"end":{"line":59,"column":null}},"21":{"start":{"line":61,"column":4},"end":{"line":61,"column":72}},"22":{"start":{"line":61,"column":51},"end":{"line":61,"column":70}},"23":{"start":{"line":63,"column":4},"end":{"line":63,"column":29}},"24":{"start":{"line":65,"column":4},"end":{"line":65,"column":61}},"25":{"start":{"line":65,"column":44},"end":{"line":65,"column":61}},"26":{"start":{"line":67,"column":4},"end":{"line":67,"column":71}},"27":{"start":{"line":30,"column":13},"end":{"line":30,"column":33}},"28":{"start":{"line":71,"column":32},"end":{"line":71,"column":118}},"29":{"start":{"line":71,"column":63},"end":{"line":71,"column":118}},"30":{"start":{"line":71,"column":95},"end":{"line":71,"column":104}},"31":{"start":{"line":71,"column":13},"end":{"line":71,"column":32}},"32":{"start":{"line":73,"column":14},"end":{"line":1294,"column":null}}},"fnMap":{"0":{"name":"(anonymous_0)","decl":{"start":{"line":19,"column":21},"end":{"line":19,"column":22}},"loc":{"start":{"line":19,"column":66},"end":{"line":28,"column":1}}},"1":{"name":"(anonymous_1)","decl":{"start":{"line":30,"column":33},"end":{"line":30,"column":34}},"loc":{"start":{"line":30,"column":126},"end":{"line":69,"column":1}}},"2":{"name":"(anonymous_2)","decl":{"start":{"line":61,"column":45},"end":{"line":61,"column":48}},"loc":{"start":{"line":61,"column":51},"end":{"line":61,"column":70}}},"3":{"name":"(anonymous_3)","decl":{"start":{"line":71,"column":32},"end":{"line":71,"column":33}},"loc":{"start":{"line":71,"column":63},"end":{"line":71,"column":118}}},"4":{"name":"(anonymous_4)","decl":{"start":{"line":71,"column":76},"end":{"line":71,"column":77}},"loc":{"start":{"line":71,"column":95},"end":{"line":71,"column":104}}}},"branchMap":{"0":{"loc":{"start":{"line":21,"column":4},"end":{"line":21,"column":57}},"type":"if","locations":[{"start":{"line":21,"column":4},"end":{"line":21,"column":57}}]},"1":{"loc":{"start":{"line":25,"column":4},"end":{"line":25,"column":65}},"type":"if","locations":[{"start":{"line":25,"column":4},"end":{"line":25,"column":65}}]},"2":{"loc":{"start":{"line":33,"column":17},"end":{"line":33,"column":58}},"type":"cond-expr","locations":[{"start":{"line":33,"column":42},"end":{"line":33,"column":51}},{"start":{"line":33,"column":54},"end":{"line":33,"column":58}}]},"3":{"loc":{"start":{"line":65,"column":4},"end":{"line":65,"column":61}},"type":"if","locations":[{"start":{"line":65,"column":4},"end":{"line":65,"column":61}}]},"4":{"loc":{"start":{"line":71,"column":63},"end":{"line":71,"column":118}},"type":"binary-expr","locations":[{"start":{"line":71,"column":63},"end":{"line":71,"column":112}},{"start":{"line":71,"column":116},"end":{"line":71,"column":118}}]}},"s":{"0":1,"1":0,"2":0,"3":0,"4":0,"5":0,"6":0,"7":1,"8":0,"9":0,"10":0,"11":0,"12":0,"13":0,"14":0,"15":0,"16":0,"17":0,"18":0,"19":0,"20":0,"21":0,"22":0,"23":0,"24":0,"25":0,"26":0,"27":1,"28":1,"29":0,"30":0,"31":1,"32":1},"f":{"0":0,"1":0,"2":0,"3":0,"4":0},"b":{"0":[0],"1":[0],"2":[0,0],"3":[0],"4":[0,0]}}
,"C:\\Users\\Eduardo SEDUC\\Documents\\proyectos\\quiz-app\\src\\assets\\index.ts": {"path":"C:\\Users\\Eduardo SEDUC\\Documents\\proyectos\\quiz-app\\src\\assets\\index.ts","statementMap":{"0":{"start":{"line":1,"column":0},"end":{"line":1,"column":9}},"1":{"start":{"line":1,"column":9},"end":{"line":1,"column":35}},"2":{"start":{"line":2,"column":0},"end":{"line":2,"column":9}},"3":{"start":{"line":2,"column":9},"end":{"line":2,"column":19}},"4":{"start":{"line":2,"column":19},"end":{"line":2,"column":38}},"5":{"start":{"line":2,"column":38},"end":{"line":2,"column":75}}},"fnMap":{"0":{"name":"(anonymous_0)","decl":{"start":{"line":1,"column":9},"end":{"line":1,"column":17}},"loc":{"start":{"line":1,"column":9},"end":{"line":1,"column":35}}},"1":{"name":"(anonymous_1)","decl":{"start":{"line":2,"column":9},"end":{"line":2,"column":17}},"loc":{"start":{"line":2,"column":9},"end":{"line":2,"column":19}}},"2":{"name":"(anonymous_2)","decl":{"start":{"line":2,"column":19},"end":{"line":2,"column":36}},"loc":{"start":{"line":2,"column":19},"end":{"line":2,"column":38}}},"3":{"name":"(anonymous_3)","decl":{"start":{"line":2,"column":38},"end":{"line":2,"column":54}},"loc":{"start":{"line":2,"column":38},"end":{"line":2,"column":75}}}},"branchMap":{},"s":{"0":1,"1":6,"2":1,"3":1,"4":1,"5":1},"f":{"0":5,"1":0,"2":0,"3":0},"b":{}}
}
