TN:
SF:src\assets\color.ts
FN:3,(anonymous_0)
FNF:1
FNH:1
FNDA:5,(anonymous_0)
DA:3,1
DA:5,5
DA:7,4
DA:9,2
DA:13,1
LF:5
LH:5
BRDA:5,0,0,1
BRDA:7,1,0,2
BRDA:9,2,0,1
BRDA:9,2,1,1
BRF:4
BRH:4
end_of_record
TN:
SF:src\assets\glossary.ts
FN:19,(anonymous_0)
FN:30,(anonymous_1)
FN:61,(anonymous_2)
FN:71,(anonymous_3)
FN:71,(anonymous_4)
FNF:5
FNH:0
FNDA:0,(anonymous_0)
FNDA:0,(anonymous_1)
FNDA:0,(anonymous_2)
FNDA:0,(anonymous_3)
FNDA:0,(anonymous_4)
DA:19,1
DA:21,0
DA:23,0
DA:25,0
DA:27,0
DA:30,1
DA:32,0
DA:33,0
DA:35,0
DA:37,0
DA:39,0
DA:44,0
DA:46,0
DA:47,0
DA:48,0
DA:49,0
DA:50,0
DA:56,0
DA:61,0
DA:63,0
DA:65,0
DA:67,0
DA:71,1
DA:73,1
LF:24
LH:4
BRDA:21,0,0,0
BRDA:25,1,0,0
BRDA:33,2,0,0
BRDA:33,2,1,0
BRDA:65,3,0,0
BRDA:71,4,0,0
BRDA:71,4,1,0
BRF:7
BRH:0
end_of_record
TN:
SF:src\assets\index.ts
FN:1,(anonymous_0)
FN:2,(anonymous_1)
FN:2,(anonymous_2)
FN:2,(anonymous_3)
FNF:4
FNH:1
FNDA:5,(anonymous_0)
FNDA:0,(anonymous_1)
FNDA:0,(anonymous_2)
FNDA:0,(anonymous_3)
DA:1,6
DA:2,1
LF:2
LH:2
BRF:0
BRH:0
end_of_record
