TN:
SF:src\assets\color.ts
FN:3,(anonymous_0)
FNF:1
FNH:1
FNDA:169,(anonymous_0)
DA:3,3
DA:5,169
DA:7,84
DA:9,62
DA:13,3
LF:5
LH:5
BRDA:5,0,0,85
BRDA:7,1,0,22
BRDA:9,2,0,14
BRDA:9,2,1,48
BRF:4
BRH:4
end_of_record
TN:
SF:src\assets\glossary.ts
FN:19,(anonymous_0)
FN:30,(anonymous_1)
FN:61,(anonymous_2)
FN:71,(anonymous_3)
FN:71,(anonymous_4)
FNF:5
FNH:5
FNDA:325,(anonymous_0)
FNDA:80,(anonymous_1)
FNDA:378,(anonymous_2)
FNDA:22,(anonymous_3)
FNDA:52,(anonymous_4)
DA:19,3
DA:21,325
DA:23,244
DA:25,244
DA:27,3
DA:30,3
DA:32,80
DA:33,80
DA:35,80
DA:37,80
DA:39,80
DA:44,80
DA:46,80
DA:47,240
DA:48,240
DA:49,240
DA:50,240
DA:56,80
DA:61,378
DA:63,80
DA:65,80
DA:67,76
DA:71,52
DA:73,3
LF:24
LH:24
BRDA:21,0,0,81
BRDA:25,1,0,241
BRDA:33,2,0,4
BRDA:33,2,1,76
BRDA:65,3,0,4
BRDA:71,4,0,22
BRDA:71,4,1,1
BRF:7
BRH:7
end_of_record
TN:
SF:src\assets\index.ts
FN:1,(anonymous_0)
FN:2,(anonymous_1)
FN:2,(anonymous_2)
FN:2,(anonymous_3)
FN:2,(anonymous_4)
FNF:5
FNH:5
FNDA:6,(anonymous_0)
FNDA:11,(anonymous_1)
FNDA:4,(anonymous_2)
FNDA:22,(anonymous_3)
FNDA:2,(anonymous_4)
DA:1,9
DA:2,25
LF:2
LH:2
BRF:0
BRH:0
end_of_record
TN:
SF:src\components\Answers.tsx
FN:12,(anonymous_0)
FN:17,(anonymous_1)
FN:21,(anonymous_2)
FN:23,(anonymous_3)
FNF:4
FNH:4
FNDA:20,(anonymous_0)
FNDA:20,(anonymous_1)
FNDA:20,(anonymous_2)
FNDA:19,(anonymous_3)
DA:1,1
DA:3,1
DA:5,1
DA:12,1
DA:14,20
DA:16,20
DA:17,20
DA:21,20
DA:22,20
DA:23,19
DA:26,20
DA:45,1
LF:12
LH:12
BRDA:22,0,0,1
BRDA:39,1,0,1
BRDA:39,1,1,19
BRF:3
BRH:3
end_of_record
TN:
SF:src\components\GameOverButtons.tsx
FN:14,(anonymous_1)
FN:16,(anonymous_2)
FN:21,(anonymous_3)
FNF:3
FNH:3
FNDA:2,(anonymous_1)
FNDA:1,(anonymous_2)
FNDA:1,(anonymous_3)
DA:3,1
DA:4,1
DA:5,1
DA:14,1
DA:16,2
DA:17,1
DA:18,1
DA:21,2
DA:22,1
DA:25,2
DA:50,1
LF:11
LH:11
BRF:0
BRH:0
end_of_record
TN:
SF:src\components\MainCard.tsx
FN:11,(anonymous_1)
FNF:1
FNH:1
FNDA:12,(anonymous_1)
DA:1,1
DA:3,1
DA:4,1
DA:6,1
DA:7,1
DA:8,1
DA:9,1
DA:11,1
DA:13,12
DA:14,12
DA:15,12
DA:16,12
DA:18,12
DA:58,1
LF:14
LH:14
BRDA:25,0,0,3
BRDA:25,0,1,9
BRDA:26,1,0,1
BRDA:26,1,1,2
BRF:4
BRH:4
end_of_record
TN:
SF:src\components\Question.tsx
FN:25,(anonymous_0)
FN:33,(anonymous_1)
FN:37,(anonymous_2)
FN:44,(anonymous_3)
FN:47,(anonymous_4)
FN:60,(anonymous_5)
FN:71,(anonymous_6)
FN:77,(anonymous_7)
FNF:8
FNH:8
FNDA:43,(anonymous_0)
FNDA:2,(anonymous_1)
FNDA:21,(anonymous_2)
FNDA:7,(anonymous_3)
FNDA:20,(anonymous_4)
FNDA:19,(anonymous_5)
FNDA:164,(anonymous_6)
FNDA:21,(anonymous_7)
DA:1,1
DA:9,1
DA:11,1
DA:25,1
DA:27,43
DA:28,43
DA:29,43
DA:30,43
DA:31,43
DA:33,43
DA:34,2
DA:37,43
DA:39,21
DA:41,20
DA:42,20
DA:44,20
DA:47,43
DA:49,20
DA:50,20
DA:52,20
DA:54,20
DA:55,1
DA:56,1
DA:57,1
DA:60,20
DA:63,43
DA:65,41
DA:72,164
DA:77,21
DA:107,1
LF:30
LH:30
BRDA:39,0,0,1
BRDA:44,1,0,7
BRDA:52,2,0,1
BRDA:54,3,0,1
BRDA:63,4,0,2
BRDA:99,5,0,2
BRDA:99,5,1,39
BRF:7
BRH:7
end_of_record
